# JRE version: OpenJDK Runtime Environment Temurin-21.0.12.1+1 (21.0.12.1+1) (build 21.0.12.1+1-LTS)
# Java VM: OpenJDK 64-Bit Server VM Temurin-21.0.12.1+1 (21.0.12.1+1-LTS, mixed mode, sharing, tiered, compressed oops, compressed class ptrs, parallel gc, windows-amd64)
GC Precious Log:
 CardTable entry size: 512
 CPUs: 16 total, 16 available
 Memory: 15713M
 Large Page Support: Disabled
 NUMA Support: Disabled
 Compressed Oops: Enabled (32-bit)
 Alignments: Space 512K, Generation 512K, Heap 2M
 Heap Min Capacity: 100M
 Heap Initial Capacity: 100M
 Heap Max Capacity: 2G
 Pre-touch: Disabled
 Parallel Workers: 13
Heap:
 PSYoungGen      total 2048K, used 1633K [0x00000000d5580000, 0x00000000d5900000, 0x0000000100000000)
  eden space 1536K, 75% used [0x00000000d5580000,0x00000000d56a0660,0x00000000d5700000)
  from space 512K, 93% used [0x00000000d5700000,0x00000000d5778000,0x00000000d5780000)
  to   space 1024K, 0% used [0x00000000d5800000,0x00000000d5800000,0x00000000d5900000)
 ParOldGen       total 886784K, used 292986K [0x0000000080000000, 0x00000000b6200000, 0x00000000d5580000)
  object space 886784K, 33% used [0x0000000080000000,0x0000000091e1e9e8,0x00000000b6200000)
 Metaspace       used 74607K, committed 76224K, reserved 1179648K
  class space    used 7693K, committed 8448K, reserved 1048576K
GC Heap History (20 events):
Event: 25.920 GC heap before
{Heap before GC invocations=1607 (full 4):
 PSYoungGen      total 2560K, used 2272K [0x00000000d5580000, 0x00000000d5900000, 0x0000000100000000)
  eden space 1536K, 100% used [0x00000000d5580000,0x00000000d5700000,0x00000000d5700000)
  from space 1024K, 71% used [0x00000000d5800000,0x00000000d58b8000,0x00000000d5900000)
  to   space 1024K, 0% used [0x00000000d5700000,0x00000000d5700000,0x00000000d5800000)
 ParOldGen       total 886784K, used 288818K [0x0000000080000000, 0x00000000b6200000, 0x00000000d5580000)
  object space 886784K, 32% used [0x0000000080000000,0x0000000091a0c908,0x00000000b6200000)
 Metaspace       used 74590K, committed 76224K, reserved 1179648K
  class space    used 7693K, committed 8448K, reserved 1048576K
}
Event: 25.921 GC heap after
{Heap after GC invocations=1607 (full 4):
 PSYoungGen      total 2560K, used 992K [0x00000000d5580000, 0x00000000d5a00000, 0x0000000100000000)
  eden space 1536K, 0% used [0x00000000d5580000,0x00000000d5580000,0x00000000d5700000)
  from space 1024K, 96% used [0x00000000d5700000,0x00000000d57f8010,0x00000000d5800000)
  to   space 1536K, 0% used [0x00000000d5880000,0x00000000d5880000,0x00000000d5a00000)
 ParOldGen       total 886784K, used 289394K [0x0000000080000000, 0x00000000b6200000, 0x00000000d5580000)
  object space 886784K, 32% used [0x0000000080000000,0x0000000091a9c928,0x00000000b6200000)
 Metaspace       used 74590K, committed 76224K, reserved 1179648K
  class space    used 7693K, committed 8448K, reserved 1048576K
}
Event: 25.925 GC heap before
{Heap before GC invocations=1608 (full 4):
 PSYoungGen      total 2560K, used 2528K [0x00000000d5580000, 0x00000000d5a00000, 0x0000000100000000)
  eden space 1536K, 100% used [0x00000000d5580000,0x00000000d5700000,0x00000000d5700000)
  from space 1024K, 96% used [0x00000000d5700000,0x00000000d57f8010,0x00000000d5800000)
  to   space 1536K, 0% used [0x00000000d5880000,0x00000000d5880000,0x00000000d5a00000)
 ParOldGen       total 886784K, used 289394K [0x0000000080000000, 0x00000000b6200000, 0x00000000d5580000)
  object space 886784K, 32% used [0x0000000080000000,0x0000000091a9c928,0x00000000b6200000)
 Metaspace       used 74591K, committed 76224K, reserved 1179648K
  class space    used 7693K, committed 8448K, reserved 1048576K
}
Event: 25.927 GC heap after
{Heap after GC invocations=1608 (full 4):
 PSYoungGen      total 2560K, used 640K [0x00000000d5580000, 0x00000000d5980000, 0x0000000100000000)
  eden space 1536K, 0% used [0x00000000d5580000,0x00000000d5580000,0x00000000d5700000)
  from space 1024K, 62% used [0x00000000d5880000,0x00000000d5920000,0x00000000d5980000)
  to   space 1024K, 0% used [0x00000000d5700000,0x00000000d5700000,0x00000000d5800000)
 ParOldGen       total 886784K, used 290234K [0x0000000080000000, 0x00000000b6200000, 0x00000000d5580000)
  object space 886784K, 32% used [0x0000000080000000,0x0000000091b6e938,0x00000000b6200000)
 Metaspace       used 74591K, committed 76224K, reserved 1179648K
  class space    used 7693K, committed 8448K, reserved 1048576K
}
Event: 25.929 GC heap before
{Heap before GC invocations=1609 (full 4):
 PSYoungGen      total 2560K, used 2112K [0x00000000d5580000, 0x00000000d5980000, 0x0000000100000000)
  eden space 1536K, 95% used [0x00000000d5580000,0x00000000d56f0190,0x00000000d5700000)
  from space 1024K, 62% used [0x00000000d5880000,0x00000000d5920000,0x00000000d5980000)
  to   space 1024K, 0% used [0x00000000d5700000,0x00000000d5700000,0x00000000d5800000)
 ParOldGen       total 886784K, used 290234K [0x0000000080000000, 0x00000000b6200000, 0x00000000d5580000)
  object space 886784K, 32% used [0x0000000080000000,0x0000000091b6e938,0x00000000b6200000)
 Metaspace       used 74592K, committed 76224K, reserved 1179648K
  class space    used 7693K, committed 8448K, reserved 1048576K
}
Event: 25.930 GC heap after
{Heap after GC invocations=1609 (full 4):
 PSYoungGen      total 2560K, used 352K [0x00000000d5580000, 0x00000000d5900000, 0x0000000100000000)
  eden space 1536K, 0% used [0x00000000d5580000,0x00000000d5580000,0x00000000d5700000)
  from space 1024K, 34% used [0x00000000d5700000,0x00000000d5758010,0x00000000d5800000)
  to   space 512K, 0% used [0x00000000d5880000,0x00000000d5880000,0x00000000d5900000)
 ParOldGen       total 886784K, used 290714K [0x0000000080000000, 0x00000000b6200000, 0x00000000d5580000)
  object space 886784K, 32% used [0x0000000080000000,0x0000000091be6938,0x00000000b6200000)
 Metaspace       used 74592K, committed 76224K, reserved 1179648K
  class space    used 7693K, committed 8448K, reserved 1048576K
}
Event: 25.936 GC heap before
{Heap before GC invocations=1610 (full 4):
 PSYoungGen      total 2560K, used 1888K [0x00000000d5580000, 0x00000000d5900000, 0x0000000100000000)
  eden space 1536K, 100% used [0x00000000d5580000,0x00000000d5700000,0x00000000d5700000)
  from space 1024K, 34% used [0x00000000d5700000,0x00000000d5758010,0x00000000d5800000)
  to   space 512K, 0% used [0x00000000d5880000,0x00000000d5880000,0x00000000d5900000)
 ParOldGen       total 886784K, used 290714K [0x0000000080000000, 0x00000000b6200000, 0x00000000d5580000)
  object space 886784K, 32% used [0x0000000080000000,0x0000000091be6938,0x00000000b6200000)
 Metaspace       used 74592K, committed 76224K, reserved 1179648K
  class space    used 7693K, committed 8448K, reserved 1048576K
}
Event: 25.937 GC heap after
{Heap after GC invocations=1610 (full 4):
 PSYoungGen      total 2560K, used 416K [0x00000000d5580000, 0x00000000d5900000, 0x0000000100000000)
  eden space 2048K, 0% used [0x00000000d5580000,0x00000000d5580000,0x00000000d5780000)
  from space 512K, 81% used [0x00000000d5880000,0x00000000d58e8000,0x00000000d5900000)
  to   space 512K, 0% used [0x00000000d5800000,0x00000000d5800000,0x00000000d5880000)
 ParOldGen       total 886784K, used 290762K [0x0000000080000000, 0x00000000b6200000, 0x00000000d5580000)
  object space 886784K, 32% used [0x0000000080000000,0x0000000091bf2938,0x00000000b6200000)
 Metaspace       used 74592K, committed 76224K, reserved 1179648K
  class space    used 7693K, committed 8448K, reserved 1048576K
}
Event: 25.946 GC heap before
{Heap before GC invocations=1611 (full 4):
 PSYoungGen      total 2560K, used 2464K [0x00000000d5580000, 0x00000000d5900000, 0x0000000100000000)
  eden space 2048K, 100% used [0x00000000d5580000,0x00000000d5780000,0x00000000d5780000)
  from space 512K, 81% used [0x00000000d5880000,0x00000000d58e8000,0x00000000d5900000)
  to   space 512K, 0% used [0x00000000d5800000,0x00000000d5800000,0x00000000d5880000)
 ParOldGen       total 886784K, used 290762K [0x0000000080000000, 0x00000000b6200000, 0x00000000d5580000)
  object space 886784K, 32% used [0x0000000080000000,0x0000000091bf2938,0x00000000b6200000)
 Metaspace       used 74592K, committed 76224K, reserved 1179648K
  class space    used 7693K, committed 8448K, reserved 1048576K
}
Event: 25.947 GC heap after
{Heap after GC invocations=1611 (full 4):
 PSYoungGen      total 2560K, used 512K [0x00000000d5580000, 0x00000000d5980000, 0x0000000100000000)
  eden space 2048K, 0% used [0x00000000d5580000,0x00000000d5580000,0x00000000d5780000)
  from space 512K, 100% used [0x00000000d5800000,0x00000000d5880000,0x00000000d5880000)
  to   space 1024K, 0% used [0x00000000d5880000,0x00000000d5880000,0x00000000d5980000)
 ParOldGen       total 886784K, used 290986K [0x0000000080000000, 0x00000000b6200000, 0x00000000d5580000)
  object space 886784K, 32% used [0x0000000080000000,0x0000000091c2a938,0x00000000b6200000)
 Metaspace       used 74592K, committed 76224K, reserved 1179648K
  class space    used 7693K, committed 8448K, reserved 1048576K
}
Event: 25.955 GC heap before
{Heap before GC invocations=1612 (full 4):
 PSYoungGen      total 2560K, used 2560K [0x00000000d5580000, 0x00000000d5980000, 0x0000000100000000)
  eden space 2048K, 100% used [0x00000000d5580000,0x00000000d5780000,0x00000000d5780000)
  from space 512K, 100% used [0x00000000d5800000,0x00000000d5880000,0x00000000d5880000)
  to   space 1024K, 0% used [0x00000000d5880000,0x00000000d5880000,0x00000000d5980000)
 ParOldGen       total 886784K, used 290986K [0x0000000080000000, 0x00000000b6200000, 0x00000000d5580000)
  object space 886784K, 32% used [0x0000000080000000,0x0000000091c2a938,0x00000000b6200000)
 Metaspace       used 74592K, committed 76224K, reserved 1179648K
  class space    used 7693K, committed 8448K, reserved 1048576K
}
Event: 25.956 GC heap after
{Heap after GC invocations=1612 (full 4):
 PSYoungGen      total 3072K, used 416K [0x00000000d5580000, 0x00000000d5980000, 0x0000000100000000)
  eden space 2048K, 0% used [0x00000000d5580000,0x00000000d5580000,0x00000000d5780000)
  from space 1024K, 40% used [0x00000000d5880000,0x00000000d58e8000,0x00000000d5980000)
  to   space 1024K, 0% used [0x00000000d5780000,0x00000000d5780000,0x00000000d5880000)
 ParOldGen       total 886784K, used 291434K [0x0000000080000000, 0x00000000b6200000, 0x00000000d5580000)
  object space 886784K, 32% used [0x0000000080000000,0x0000000091c9a948,0x00000000b6200000)
 Metaspace       used 74592K, committed 76224K, reserved 1179648K
  class space    used 7693K, committed 8448K, reserved 1048576K
}
Event: 25.962 GC heap before
{Heap before GC invocations=1613 (full 4):
 PSYoungGen      total 3072K, used 2464K [0x00000000d5580000, 0x00000000d5980000, 0x0000000100000000)
  eden space 2048K, 100% used [0x00000000d5580000,0x00000000d5780000,0x00000000d5780000)
  from space 1024K, 40% used [0x00000000d5880000,0x00000000d58e8000,0x00000000d5980000)
  to   space 1024K, 0% used [0x00000000d5780000,0x00000000d5780000,0x00000000d5880000)
 ParOldGen       total 886784K, used 291434K [0x0000000080000000, 0x00000000b6200000, 0x00000000d5580000)
  object space 886784K, 32% used [0x0000000080000000,0x0000000091c9a948,0x00000000b6200000)
 Metaspace       used 74592K, committed 76224K, reserved 1179648K
  class space    used 7693K, committed 8448K, reserved 1048576K
}
Event: 25.964 GC heap after
{Heap after GC invocations=1613 (full 4):
 PSYoungGen      total 3072K, used 512K [0x00000000d5580000, 0x00000000d5980000, 0x0000000100000000)
  eden space 2048K, 0% used [0x00000000d5580000,0x00000000d5580000,0x00000000d5780000)
  from space 1024K, 50% used [0x00000000d5780000,0x00000000d5800000,0x00000000d5880000)
  to   space 1024K, 0% used [0x00000000d5880000,0x00000000d5880000,0x00000000d5980000)
 ParOldGen       total 886784K, used 291754K [0x0000000080000000, 0x00000000b6200000, 0x00000000d5580000)
  object space 886784K, 32% used [0x0000000080000000,0x0000000091cea948,0x00000000b6200000)
 Metaspace       used 74592K, committed 76224K, reserved 1179648K
  class space    used 7693K, committed 8448K, reserved 1048576K
}
Event: 25.969 GC heap before
{Heap before GC invocations=1614 (full 4):
 PSYoungGen      total 3072K, used 2560K [0x00000000d5580000, 0x00000000d5980000, 0x0000000100000000)
  eden space 2048K, 100% used [0x00000000d5580000,0x00000000d5780000,0x00000000d5780000)
  from space 1024K, 50% used [0x00000000d5780000,0x00000000d5800000,0x00000000d5880000)
  to   space 1024K, 0% used [0x00000000d5880000,0x00000000d5880000,0x00000000d5980000)
 ParOldGen       total 886784K, used 291754K [0x0000000080000000, 0x00000000b6200000, 0x00000000d5580000)
  object space 886784K, 32% used [0x0000000080000000,0x0000000091cea948,0x00000000b6200000)
 Metaspace       used 74592K, committed 76224K, reserved 1179648K
  class space    used 7693K, committed 8448K, reserved 1048576K
}
Event: 25.970 GC heap after
{Heap after GC invocations=1614 (full 4):
 PSYoungGen      total 2560K, used 480K [0x00000000d5580000, 0x00000000d5900000, 0x0000000100000000)
  eden space 2048K, 0% used [0x00000000d5580000,0x00000000d5580000,0x00000000d5780000)
  from space 512K, 93% used [0x00000000d5880000,0x00000000d58f8000,0x00000000d5900000)
  to   space 512K, 0% used [0x00000000d5800000,0x00000000d5800000,0x00000000d5880000)
 ParOldGen       total 886784K, used 292018K [0x0000000080000000, 0x00000000b6200000, 0x00000000d5580000)
  object space 886784K, 32% used [0x0000000080000000,0x0000000091d2c948,0x00000000b6200000)
 Metaspace       used 74592K, committed 76224K, reserved 1179648K
  class space    used 7693K, committed 8448K, reserved 1048576K
}
Event: 25.975 GC heap before
{Heap before GC invocations=1615 (full 4):
 PSYoungGen      total 2560K, used 2528K [0x00000000d5580000, 0x00000000d5900000, 0x0000000100000000)
  eden space 2048K, 100% used [0x00000000d5580000,0x00000000d5780000,0x00000000d5780000)
  from space 512K, 93% used [0x00000000d5880000,0x00000000d58f8000,0x00000000d5900000)
  to   space 512K, 0% used [0x00000000d5800000,0x00000000d5800000,0x00000000d5880000)
 ParOldGen       total 886784K, used 292018K [0x0000000080000000, 0x00000000b6200000, 0x00000000d5580000)
  object space 886784K, 32% used [0x0000000080000000,0x0000000091d2c948,0x00000000b6200000)
 Metaspace       used 74592K, committed 76224K, reserved 1179648K
  class space    used 7693K, committed 8448K, reserved 1048576K
}
Event: 25.976 GC heap after
{Heap after GC invocations=1615 (full 4):
 PSYoungGen      total 2560K, used 512K [0x00000000d5580000, 0x00000000d5980000, 0x0000000100000000)
  eden space 2048K, 0% used [0x00000000d5580000,0x00000000d5580000,0x00000000d5780000)
  from space 512K, 100% used [0x00000000d5800000,0x00000000d5880000,0x00000000d5880000)
  to   space 1024K, 0% used [0x00000000d5880000,0x00000000d5880000,0x00000000d5980000)
 ParOldGen       total 886784K, used 292298K [0x0000000080000000, 0x00000000b6200000, 0x00000000d5580000)
  object space 886784K, 32% used [0x0000000080000000,0x0000000091d72948,0x00000000b6200000)
 Metaspace       used 74592K, committed 76224K, reserved 1179648K
  class space    used 7693K, committed 8448K, reserved 1048576K
}
Event: 25.987 GC heap before
{Heap before GC invocations=1616 (full 4):
 PSYoungGen      total 2560K, used 2559K [0x00000000d5580000, 0x00000000d5980000, 0x0000000100000000)
  eden space 2048K, 99% used [0x00000000d5580000,0x00000000d577fff8,0x00000000d5780000)
  from space 512K, 100% used [0x00000000d5800000,0x00000000d5880000,0x00000000d5880000)
  to   space 1024K, 0% used [0x00000000d5880000,0x00000000d5880000,0x00000000d5980000)
 ParOldGen       total 886784K, used 292298K [0x0000000080000000, 0x00000000b6200000, 0x00000000d5580000)
  object space 886784K, 32% used [0x0000000080000000,0x0000000091d72948,0x00000000b6200000)
 Metaspace       used 74592K, committed 76224K, reserved 1179648K
  class space    used 7693K, committed 8448K, reserved 1048576K
}
Event: 25.988 GC heap after
{Heap after GC invocations=1616 (full 4):
 PSYoungGen      total 2560K, used 1009K [0x00000000d5580000, 0x00000000d5a80000, 0x0000000100000000)
  eden space 1536K, 0% used [0x00000000d5580000,0x00000000d5580000,0x00000000d5700000)
  from space 1024K, 98% used [0x00000000d5880000,0x00000000d597c500,0x00000000d5980000)
  to   space 1536K, 0% used [0x00000000d5700000,0x00000000d5700000,0x00000000d5880000)
 ParOldGen       total 886784K, used 292642K [0x0000000080000000, 0x00000000b6200000, 0x00000000d5580000)
  object space 886784K, 33% used [0x0000000080000000,0x0000000091dc89d8,0x00000000b6200000)
 Metaspace       used 74592K, committed 76224K, reserved 1179648K
  class space    used 7693K, committed 8448K, reserved 1048576K
}

